The system is: Windows - 10.0.19042 - AMD64
Compiling the C compiler identification source file "CMakeCCompilerId.c" succeeded.
Compiler: C:/Program Files (x86)/Microsoft Visual Studio/2017/BuildTools/VC/Tools/MSVC/14.16.27023/bin/Hostx64/x64/cl.exe 
Build flags: 
Id flags:  

The output was:
0
Microsoft (R) C/C++ Optimizing Compiler Version 19.16.27043 for x64
Copyright (C) Microsoft Corporation.  All rights reserved.

CMakeCCompilerId.c
Microsoft (R) Incremental Linker Version 14.16.27043.0
Copyright (C) Microsoft Corporation.  All rights reserved.

/out:CMakeCCompilerId.exe 
CMakeCCompilerId.obj 


Compilation of the C compiler identification source "CMakeCCompilerId.c" produced "CMakeCCompilerId.exe"

Compilation of the C compiler identification source "CMakeCCompilerId.c" produced "CMakeCCompilerId.obj"

The C compiler identification is MSVC, found in "C:/Users/Saar Keynan/CLionProjects/cppbj/cmake-build-debug/CMakeFiles/3.21.1/CompilerIdC/CMakeCCompilerId.exe"

Compiling the CXX compiler identification source file "CMakeCXXCompilerId.cpp" succeeded.
Compiler: C:/Program Files (x86)/Microsoft Visual Studio/2017/BuildTools/VC/Tools/MSVC/14.16.27023/bin/Hostx64/x64/cl.exe 
Build flags: 
Id flags:  

The output was:
0
Microsoft (R) C/C++ Optimizing Compiler Version 19.16.27043 for x64
Copyright (C) Microsoft Corporation.  All rights reserved.

CMakeCXXCompilerId.cpp
Microsoft (R) Incremental Linker Version 14.16.27043.0
Copyright (C) Microsoft Corporation.  All rights reserved.

/out:CMakeCXXCompilerId.exe 
CMakeCXXCompilerId.obj 


Compilation of the CXX compiler identification source "CMakeCXXCompilerId.cpp" produced "CMakeCXXCompilerId.exe"

Compilation of the CXX compiler identification source "CMakeCXXCompilerId.cpp" produced "CMakeCXXCompilerId.obj"

The CXX compiler identification is MSVC, found in "C:/Users/Saar Keynan/CLionProjects/cppbj/cmake-build-debug/CMakeFiles/3.21.1/CompilerIdCXX/CMakeCXXCompilerId.exe"

Detecting C compiler ABI info compiled with the following output:
Change Dir: C:/Users/Saar Keynan/CLionProjects/cppbj/cmake-build-debug/CMakeFiles/CMakeTmp

Run Build Command(s):C:/Users/Saar Keynan/AppData/Local/JetBrains/Toolbox/apps/CLion/ch-0/213.6777.58/bin/ninja/win/ninja.exe cmTC_16d27 && [1/2] Building C object CMakeFiles\cmTC_16d27.dir\CMakeCCompilerABI.c.obj
[2/2] Linking C executable cmTC_16d27.exe



Detecting CXX compiler ABI info compiled with the following output:
Change Dir: C:/Users/Saar Keynan/CLionProjects/cppbj/cmake-build-debug/CMakeFiles/CMakeTmp

Run Build Command(s):C:/Users/Saar Keynan/AppData/Local/JetBrains/Toolbox/apps/CLion/ch-0/213.6777.58/bin/ninja/win/ninja.exe cmTC_71152 && [1/2] Building CXX object CMakeFiles\cmTC_71152.dir\CMakeCXXCompilerABI.cpp.obj
[2/2] Linking CXX executable cmTC_71152.exe



